<?xml version="1.0" encoding="UTF-8"?>
<!-- Generated by org.testng.reporters.JUnitReportReporter -->
<testsuite skipped="0" hostname="LAPTOP-J82SUNPN" name="org.samplesuite.Samplelevel" tests="5" failures="0" timestamp="13 Nov 2021 04:58:32 GMT" time="0.015" errors="0">
  <testcase name="tc6" time="0.003" classname="org.samplesuite.Samplelevel"/>
  <testcase name="tc7" time="0.001" classname="org.samplesuite.Samplelevel"/>
  <testcase name="tc7" time="0.001" classname="org.samplesuite.Samplelevel"/>
  <testcase name="tc7" time="0.006" classname="org.samplesuite.Samplelevel"/>
  <testcase name="tc5" time="0.004" classname="org.samplesuite.Samplelevel"/>
</testsuite> <!-- org.samplesuite.Samplelevel -->
