<?xml version="1.0" encoding="UTF-8"?>
<!-- Generated by org.testng.reporters.JUnitReportReporter -->
<testsuite skipped="1" hostname="LAPTOP-J82SUNPN" name="org.samplesuite.Samplelevel3" tests="7" failures="0" timestamp="13 Nov 2021 04:58:32 GMT" time="0.037" errors="0">
  <testcase name="tc8" time="0.022" classname="org.samplesuite.Samplelevel3"/>
  <testcase name="tc9" time="0.002" classname="org.samplesuite.Samplelevel3"/>
  <testcase name="tc9" time="0.002" classname="org.samplesuite.Samplelevel3"/>
  <testcase name="tc9" time="0.001" classname="org.samplesuite.Samplelevel3"/>
  <testcase name="tc9" time="0.008" classname="org.samplesuite.Samplelevel3"/>
  <testcase name="tc9" time="0.002" classname="org.samplesuite.Samplelevel3"/>
  <testcase name="tc10" classname="org.samplesuite.Samplelevel3">
    <skipped/>
  </testcase> <!-- tc10 -->
</testsuite> <!-- org.samplesuite.Samplelevel3 -->
