<?xml version="1.0" encoding="UTF-8"?>
<!-- Generated by org.testng.reporters.JUnitReportReporter -->
<testsuite skipped="0" hostname="LAPTOP-J82SUNPN" name="org.testngsuite.ClgeInfo" tests="3" failures="0" timestamp="12 Nov 2021 22:22:58 GMT" time="0.004" errors="0">
  <testcase name="college1" time="0.002" classname="org.testngsuite.ClgeInfo"/>
  <testcase name="college2" time="0.001" classname="org.testngsuite.ClgeInfo"/>
  <testcase name="college3" time="0.001" classname="org.testngsuite.ClgeInfo"/>
</testsuite> <!-- org.testngsuite.ClgeInfo -->
