<?xml version="1.0" encoding="UTF-8"?>
<!-- Generated by org.testng.reporters.JUnitReportReporter -->
<testsuite skipped="1" hostname="LAPTOP-J82SUNPN" name="org.testngsuite.studentInfo" tests="2" failures="0" timestamp="12 Nov 2021 22:04:17 GMT" time="0.011" errors="0">
  <testcase name="student1" time="0.011" classname="org.testngsuite.studentInfo"/>
  <testcase name="student2" classname="org.testngsuite.studentInfo">
    <skipped/>
  </testcase> <!-- student2 -->
</testsuite> <!-- org.testngsuite.studentInfo -->
