<?xml version="1.0" encoding="UTF-8"?>
<!-- Generated by org.testng.reporters.JUnitReportReporter -->
<testsuite skipped="1" hostname="LAPTOP-J82SUNPN" name="org.samplesuite.Sample1" tests="4" failures="0" timestamp="13 Nov 2021 04:58:32 GMT" time="0.009" errors="0">
  <testcase name="tc4" time="0.004" classname="org.samplesuite.Sample1"/>
  <testcase name="tc3" time="0.004" classname="org.samplesuite.Sample1"/>
  <testcase name="tc2" time="0.001" classname="org.samplesuite.Sample1"/>
  <testcase name="tc1" classname="org.samplesuite.Sample1">
    <skipped/>
  </testcase> <!-- tc1 -->
</testsuite> <!-- org.samplesuite.Sample1 -->
