<?xml version="1.0" encoding="UTF-8"?>
<!-- Generated by org.testng.reporters.JUnitReportReporter -->
<testsuite skipped="0" hostname="LAPTOP-J82SUNPN" name="org.testngsuite.CompanyDetails" tests="6" failures="0" timestamp="12 Nov 2021 22:22:58 GMT" time="0.015" errors="0">
  <testcase name="company3" time="0.002" classname="org.testngsuite.CompanyDetails"/>
  <testcase name="company1" time="0.004" classname="org.testngsuite.CompanyDetails"/>
  <testcase name="company2" time="0.001" classname="org.testngsuite.CompanyDetails"/>
  <testcase name="company2" time="0.003" classname="org.testngsuite.CompanyDetails"/>
  <testcase name="company2" time="0.004" classname="org.testngsuite.CompanyDetails"/>
  <testcase name="company2" time="0.001" classname="org.testngsuite.CompanyDetails"/>
</testsuite> <!-- org.testngsuite.CompanyDetails -->
