<?xml version="1.0" encoding="UTF-8"?>
<!-- Generated by org.testng.reporters.JUnitReportReporter -->
<testsuite skipped="1" hostname="LAPTOP-J82SUNPN" name="org.testngsuite.BankInfo" tests="3" failures="0" timestamp="12 Nov 2021 22:22:58 GMT" time="0.015" errors="0">
  <testcase name="bank1" time="0.012" classname="org.testngsuite.BankInfo"/>
  <testcase name="bank2" time="0.003" classname="org.testngsuite.BankInfo"/>
  <testcase name="bank3" classname="org.testngsuite.BankInfo">
    <skipped/>
  </testcase> <!-- bank3 -->
</testsuite> <!-- org.testngsuite.BankInfo -->
